2026-01-03 21:38:06,357 - INFO - [OK] Default model loaded from models/loan_model_v2.pkl
2026-01-03 21:38:06,376 - INFO - [OK] Loaded random_forest
2026-01-03 21:38:06,377 - INFO - [DEBUG] Model=random_forest, pipeline=False, feature_count=17
2026-01-03 21:38:06,377 - INFO - [DEBUG] random_forest feature_names_in_: ['Gender', 'Married', 'Dependents', 'Education', 'Self_Employed', 'ApplicantIncome', 'CoapplicantIncome', 'LoanAmount', 'Loan_Amount_Term', 'Credit_History', 'Total_Income', 'Loan_to_Income_Ratio', 'Income_per_Dependent', 'Log_ApplicantIncome', 'Log_LoanAmount', 'Property_Semiurban', 'Property_Urban']
2026-01-03 21:38:06,378 - INFO - [OK] Loaded logistic_regression
2026-01-03 21:38:06,378 - INFO - [DEBUG] Model=logistic_regression, pipeline=False, feature_count=17
2026-01-03 21:38:06,378 - INFO - [DEBUG] logistic_regression feature_names_in_: ['Gender', 'Married', 'Dependents', 'Education', 'Self_Employed', 'ApplicantIncome', 'CoapplicantIncome', 'LoanAmount', 'Loan_Amount_Term', 'Credit_History', 'Total_Income', 'Loan_to_Income_Ratio', 'Income_per_Dependent', 'Log_ApplicantIncome', 'Log_LoanAmount', 'Property_Semiurban', 'Property_Urban']
2026-01-03 21:38:06,380 - INFO - [OK] Loaded gradient_boosting
2026-01-03 21:38:06,380 - INFO - [DEBUG] Model=gradient_boosting, pipeline=False, feature_count=17
2026-01-03 21:38:06,381 - INFO - [DEBUG] gradient_boosting feature_names_in_: ['Gender', 'Married', 'Dependents', 'Education', 'Self_Employed', 'ApplicantIncome', 'CoapplicantIncome', 'LoanAmount', 'Loan_Amount_Term', 'Credit_History', 'Total_Income', 'Loan_to_Income_Ratio', 'Income_per_Dependent', 'Log_ApplicantIncome', 'Log_LoanAmount', 'Property_Semiurban', 'Property_Urban']
2026-01-03 21:38:06,382 - INFO - [OK] Loaded support_vector_machine
2026-01-03 21:38:06,382 - INFO - [DEBUG] Model=support_vector_machine, pipeline=False, feature_count=17
2026-01-03 21:38:06,382 - INFO - [DEBUG] support_vector_machine feature_names_in_: ['Gender', 'Married', 'Dependents', 'Education', 'Self_Employed', 'ApplicantIncome', 'CoapplicantIncome', 'LoanAmount', 'Loan_Amount_Term', 'Credit_History', 'Total_Income', 'Loan_to_Income_Ratio', 'Income_per_Dependent', 'Log_ApplicantIncome', 'Log_LoanAmount', 'Property_Semiurban', 'Property_Urban']
2026-01-03 21:38:06,383 - INFO - [OK] Loaded model comparison data
2026-01-03 21:38:06,383 - INFO - [OK] Total models loaded: 4
2026-01-03 21:38:06,385 - INFO - [CAL] Loaded calibration data from data/train_u6lujuX_CVtuZ9i.csv: 614 rows
2026-01-03 21:38:06,395 - INFO - [DIAG] build_model_input sources: {'Gender': 'Gender_Encoded', 'Married': 'Married_Encoded', 'Dependents': 'Dependents', 'Education': 'Education_Encoded', 'Self_Employed': 'Self_Employed_Encoded', 'ApplicantIncome': 'ApplicantIncome', 'CoapplicantIncome': 'CoapplicantIncome', 'LoanAmount': 'LoanAmount', 'Loan_Amount_Term': 'Loan_Amount_Term', 'Credit_History': 'Credit_History', 'Total_Income': 'TotalIncome', 'Loan_to_Income_Ratio': 'Loan_to_Income_Ratio', 'Income_per_Dependent': 'Income_per_Dependent', 'Log_ApplicantIncome': 'Log_ApplicantIncome', 'Log_LoanAmount': 'Log_LoanAmount', 'Property_Semiurban': 'Property_Semiurban', 'Property_Urban': 'Property_Urban'}
2026-01-03 21:38:06,430 - INFO - [CAL] Platt-calibrated model: random_forest
2026-01-03 21:38:06,432 - INFO - [DIAG] build_model_input sources: {'Gender': 'Gender_Encoded', 'Married': 'Married_Encoded', 'Dependents': 'Dependents', 'Education': 'Education_Encoded', 'Self_Employed': 'Self_Employed_Encoded', 'ApplicantIncome': 'ApplicantIncome', 'CoapplicantIncome': 'CoapplicantIncome', 'LoanAmount': 'LoanAmount', 'Loan_Amount_Term': 'Loan_Amount_Term', 'Credit_History': 'Credit_History', 'Total_Income': 'TotalIncome', 'Loan_to_Income_Ratio': 'Loan_to_Income_Ratio', 'Income_per_Dependent': 'Income_per_Dependent', 'Log_ApplicantIncome': 'Log_ApplicantIncome', 'Log_LoanAmount': 'Log_LoanAmount', 'Property_Semiurban': 'Property_Semiurban', 'Property_Urban': 'Property_Urban'}
2026-01-03 21:38:06,435 - INFO - [CAL] Platt-calibrated model: logistic_regression
2026-01-03 21:38:06,438 - INFO - [DIAG] build_model_input sources: {'Gender': 'Gender_Encoded', 'Married': 'Married_Encoded', 'Dependents': 'Dependents', 'Education': 'Education_Encoded', 'Self_Employed': 'Self_Employed_Encoded', 'ApplicantIncome': 'ApplicantIncome', 'CoapplicantIncome': 'CoapplicantIncome', 'LoanAmount': 'LoanAmount', 'Loan_Amount_Term': 'Loan_Amount_Term', 'Credit_History': 'Credit_History', 'Total_Income': 'TotalIncome', 'Loan_to_Income_Ratio': 'Loan_to_Income_Ratio', 'Income_per_Dependent': 'Income_per_Dependent', 'Log_ApplicantIncome': 'Log_ApplicantIncome', 'Log_LoanAmount': 'Log_LoanAmount', 'Property_Semiurban': 'Property_Semiurban', 'Property_Urban': 'Property_Urban'}
2026-01-03 21:38:06,441 - INFO - [CAL] Platt-calibrated model: gradient_boosting
2026-01-03 21:38:06,443 - INFO - [DIAG] build_model_input sources: {'Gender': 'Gender_Encoded', 'Married': 'Married_Encoded', 'Dependents': 'Dependents', 'Education': 'Education_Encoded', 'Self_Employed': 'Self_Employed_Encoded', 'ApplicantIncome': 'ApplicantIncome', 'CoapplicantIncome': 'CoapplicantIncome', 'LoanAmount': 'LoanAmount', 'Loan_Amount_Term': 'Loan_Amount_Term', 'Credit_History': 'Credit_History', 'Total_Income': 'TotalIncome', 'Loan_to_Income_Ratio': 'Loan_to_Income_Ratio', 'Income_per_Dependent': 'Income_per_Dependent', 'Log_ApplicantIncome': 'Log_ApplicantIncome', 'Log_LoanAmount': 'Log_LoanAmount', 'Property_Semiurban': 'Property_Semiurban', 'Property_Urban': 'Property_Urban'}
2026-01-03 21:38:06,456 - INFO - [CAL] Platt-calibrated model: support_vector_machine
2026-01-03 21:38:06,456 - INFO - [CAL] Ensemble weights added to model_comparison
2026-01-03 21:38:06,457 - INFO - [OK] Using feature names from model: 20 features
2026-01-03 21:38:06,457 - INFO - [OK] Model accuracy: 88.62%
2026-01-03 21:38:06,472 - INFO - [31m[1mWARNING: This is a development server. Do not use it in a production deployment. Use a production WSGI server instead.[0m
 * Running on all addresses (0.0.0.0)
 * Running on http://127.0.0.1:5000
 * Running on http://192.168.1.5:5000
2026-01-03 21:38:06,473 - INFO - [33mPress CTRL+C to quit[0m
2026-01-03 21:38:33,952 - INFO - Prediction request from 127.0.0.1
2026-01-03 21:38:33,963 - INFO - Validation warnings: ['Loan amount is more than 5x annual income. This may affect approval chances.', 'No credit history. This significantly reduces approval chances.']
2026-01-03 21:38:34,082 - INFO - [DIAG] build_model_input sources: {'Gender': 'Gender_Encoded', 'Married': 'Married_Encoded', 'Dependents': 'Dependents', 'Education': 'Education_Encoded', 'Self_Employed': 'Self_Employed_Encoded', 'ApplicantIncome': 'ApplicantIncome', 'CoapplicantIncome': 'CoapplicantIncome', 'LoanAmount': 'LoanAmount', 'Loan_Amount_Term': 'Loan_Amount_Term', 'Credit_History': 'Credit_History', 'Total_Income': 'TotalIncome', 'Loan_to_Income_Ratio': 'Loan_to_Income_Ratio', 'Income_per_Dependent': 'Income_per_Dependent', 'Log_ApplicantIncome': 'Log_ApplicantIncome', 'Log_LoanAmount': 'Log_LoanAmount', 'Property_Semiurban': 'Property_Semiurban', 'Property_Urban': 'Property_Urban'}
2026-01-03 21:38:34,114 - INFO - [DIAG] build_model_input sources: {'Gender': 'Gender_Encoded', 'Married': 'Married_Encoded', 'Dependents': 'Dependents', 'Education': 'Education_Encoded', 'Self_Employed': 'Self_Employed_Encoded', 'ApplicantIncome': 'ApplicantIncome', 'CoapplicantIncome': 'CoapplicantIncome', 'LoanAmount': 'LoanAmount', 'Loan_Amount_Term': 'Loan_Amount_Term', 'Credit_History': 'Credit_History', 'Total_Income': 'TotalIncome', 'Loan_to_Income_Ratio': 'Loan_to_Income_Ratio', 'Income_per_Dependent': 'Income_per_Dependent', 'Log_ApplicantIncome': 'Log_ApplicantIncome', 'Log_LoanAmount': 'Log_LoanAmount', 'Property_Semiurban': 'Property_Semiurban', 'Property_Urban': 'Property_Urban'}
2026-01-03 21:38:34,118 - INFO - [DIAG] build_model_input sources: {'Gender': 'Gender_Encoded', 'Married': 'Married_Encoded', 'Dependents': 'Dependents', 'Education': 'Education_Encoded', 'Self_Employed': 'Self_Employed_Encoded', 'ApplicantIncome': 'ApplicantIncome', 'CoapplicantIncome': 'CoapplicantIncome', 'LoanAmount': 'LoanAmount', 'Loan_Amount_Term': 'Loan_Amount_Term', 'Credit_History': 'Credit_History', 'Total_Income': 'TotalIncome', 'Loan_to_Income_Ratio': 'Loan_to_Income_Ratio', 'Income_per_Dependent': 'Income_per_Dependent', 'Log_ApplicantIncome': 'Log_ApplicantIncome', 'Log_LoanAmount': 'Log_LoanAmount', 'Property_Semiurban': 'Property_Semiurban', 'Property_Urban': 'Property_Urban'}
2026-01-03 21:38:34,121 - INFO - [DIAG] build_model_input sources: {'Gender': 'Gender_Encoded', 'Married': 'Married_Encoded', 'Dependents': 'Dependents', 'Education': 'Education_Encoded', 'Self_Employed': 'Self_Employed_Encoded', 'ApplicantIncome': 'ApplicantIncome', 'CoapplicantIncome': 'CoapplicantIncome', 'LoanAmount': 'LoanAmount', 'Loan_Amount_Term': 'Loan_Amount_Term', 'Credit_History': 'Credit_History', 'Total_Income': 'TotalIncome', 'Loan_to_Income_Ratio': 'Loan_to_Income_Ratio', 'Income_per_Dependent': 'Income_per_Dependent', 'Log_ApplicantIncome': 'Log_ApplicantIncome', 'Log_LoanAmount': 'Log_LoanAmount', 'Property_Semiurban': 'Property_Semiurban', 'Property_Urban': 'Property_Urban'}
2026-01-03 21:38:34,160 - INFO - Prediction stored: ID=54, Result=Rejected
2026-01-03 21:38:34,160 - INFO - Prediction: Rejected, Confidence: 67.27%
2026-01-03 21:38:34,161 - INFO - 127.0.0.1 - - [03/Jan/2026 21:38:34] "POST /predict HTTP/1.1" 200 -
2026-01-03 21:38:38,936 - INFO - [DIAG] Using random_forest feature_names_in_: 17 features
2026-01-03 21:38:38,951 - INFO - [DIAG] build_model_input sources: {'Gender': 'Gender_Encoded', 'Married': 'Married_Encoded', 'Dependents': 'Dependents', 'Education': 'Education_Encoded', 'Self_Employed': 'Self_Employed_Encoded', 'ApplicantIncome': 'ApplicantIncome', 'CoapplicantIncome': 'CoapplicantIncome', 'LoanAmount': 'LoanAmount', 'Loan_Amount_Term': 'Loan_Amount_Term', 'Credit_History': 'Credit_History', 'Total_Income': 'TotalIncome', 'Loan_to_Income_Ratio': 'Loan_to_Income_Ratio', 'Income_per_Dependent': 'Income_per_Dependent', 'Log_ApplicantIncome': 'Log_ApplicantIncome', 'Log_LoanAmount': 'Log_LoanAmount', 'Property_Semiurban': 'Property_Semiurban', 'Property_Urban': 'Property_Urban'}
2026-01-03 21:38:38,951 - INFO - [DIAG] Benchmark model=random_forest, pipeline=False, expected_count=17
2026-01-03 21:38:38,952 - INFO - [DIAG] columns sent: ['Gender', 'Married', 'Dependents', 'Education', 'Self_Employed', 'ApplicantIncome', 'CoapplicantIncome', 'LoanAmount', 'Loan_Amount_Term', 'Credit_History', 'Total_Income', 'Loan_to_Income_Ratio', 'Income_per_Dependent', 'Log_ApplicantIncome', 'Log_LoanAmount', 'Property_Semiurban', 'Property_Urban']
2026-01-03 21:38:38,952 - ERROR - Benchmark error: 'tuple' object has no attribute 'predict'
Traceback (most recent call last):
  File "C:\Dev\loan-predictor-api\app_v7.py", line 1142, in benchmark_models
    prediction = model_used.predict(df_to_predict)[0]
                 ^^^^^^^^^^^^^^^^^^
AttributeError: 'tuple' object has no attribute 'predict'
2026-01-03 21:38:38,954 - INFO - 127.0.0.1 - - [03/Jan/2026 21:38:38] "[35m[1mPOST /models/benchmark HTTP/1.1[0m" 500 -
2026-01-03 21:39:37,032 - INFO - Prediction request from 127.0.0.1
2026-01-03 21:39:37,042 - INFO - Validation warnings: ['Loan amount is more than 5x annual income. This may affect approval chances.', 'Applicant income is very low. This may affect approval chances.']
2026-01-03 21:39:37,164 - INFO - [DIAG] build_model_input sources: {'Gender': 'Gender_Encoded', 'Married': 'Married_Encoded', 'Dependents': 'Dependents', 'Education': 'Education_Encoded', 'Self_Employed': 'Self_Employed_Encoded', 'ApplicantIncome': 'ApplicantIncome', 'CoapplicantIncome': 'CoapplicantIncome', 'LoanAmount': 'LoanAmount', 'Loan_Amount_Term': 'Loan_Amount_Term', 'Credit_History': 'Credit_History', 'Total_Income': 'TotalIncome', 'Loan_to_Income_Ratio': 'Loan_to_Income_Ratio', 'Income_per_Dependent': 'Income_per_Dependent', 'Log_ApplicantIncome': 'Log_ApplicantIncome', 'Log_LoanAmount': 'Log_LoanAmount', 'Property_Semiurban': 'Property_Semiurban', 'Property_Urban': 'Property_Urban'}
2026-01-03 21:39:37,209 - INFO - [DIAG] build_model_input sources: {'Gender': 'Gender_Encoded', 'Married': 'Married_Encoded', 'Dependents': 'Dependents', 'Education': 'Education_Encoded', 'Self_Employed': 'Self_Employed_Encoded', 'ApplicantIncome': 'ApplicantIncome', 'CoapplicantIncome': 'CoapplicantIncome', 'LoanAmount': 'LoanAmount', 'Loan_Amount_Term': 'Loan_Amount_Term', 'Credit_History': 'Credit_History', 'Total_Income': 'TotalIncome', 'Loan_to_Income_Ratio': 'Loan_to_Income_Ratio', 'Income_per_Dependent': 'Income_per_Dependent', 'Log_ApplicantIncome': 'Log_ApplicantIncome', 'Log_LoanAmount': 'Log_LoanAmount', 'Property_Semiurban': 'Property_Semiurban', 'Property_Urban': 'Property_Urban'}
2026-01-03 21:39:37,216 - INFO - [DIAG] build_model_input sources: {'Gender': 'Gender_Encoded', 'Married': 'Married_Encoded', 'Dependents': 'Dependents', 'Education': 'Education_Encoded', 'Self_Employed': 'Self_Employed_Encoded', 'ApplicantIncome': 'ApplicantIncome', 'CoapplicantIncome': 'CoapplicantIncome', 'LoanAmount': 'LoanAmount', 'Loan_Amount_Term': 'Loan_Amount_Term', 'Credit_History': 'Credit_History', 'Total_Income': 'TotalIncome', 'Loan_to_Income_Ratio': 'Loan_to_Income_Ratio', 'Income_per_Dependent': 'Income_per_Dependent', 'Log_ApplicantIncome': 'Log_ApplicantIncome', 'Log_LoanAmount': 'Log_LoanAmount', 'Property_Semiurban': 'Property_Semiurban', 'Property_Urban': 'Property_Urban'}
2026-01-03 21:39:37,223 - INFO - [DIAG] build_model_input sources: {'Gender': 'Gender_Encoded', 'Married': 'Married_Encoded', 'Dependents': 'Dependents', 'Education': 'Education_Encoded', 'Self_Employed': 'Self_Employed_Encoded', 'ApplicantIncome': 'ApplicantIncome', 'CoapplicantIncome': 'CoapplicantIncome', 'LoanAmount': 'LoanAmount', 'Loan_Amount_Term': 'Loan_Amount_Term', 'Credit_History': 'Credit_History', 'Total_Income': 'TotalIncome', 'Loan_to_Income_Ratio': 'Loan_to_Income_Ratio', 'Income_per_Dependent': 'Income_per_Dependent', 'Log_ApplicantIncome': 'Log_ApplicantIncome', 'Log_LoanAmount': 'Log_LoanAmount', 'Property_Semiurban': 'Property_Semiurban', 'Property_Urban': 'Property_Urban'}
2026-01-03 21:39:37,245 - INFO - Prediction stored: ID=55, Result=Rejected
2026-01-03 21:39:37,245 - INFO - Prediction: Rejected, Confidence: 78.11%
2026-01-03 21:39:37,246 - INFO - 127.0.0.1 - - [03/Jan/2026 21:39:37] "POST /predict HTTP/1.1" 200 -
2026-01-03 21:39:40,963 - INFO - [DIAG] Using random_forest feature_names_in_: 17 features
2026-01-03 21:39:40,978 - INFO - [DIAG] build_model_input sources: {'Gender': 'Gender_Encoded', 'Married': 'Married_Encoded', 'Dependents': 'Dependents', 'Education': 'Education_Encoded', 'Self_Employed': 'Self_Employed_Encoded', 'ApplicantIncome': 'ApplicantIncome', 'CoapplicantIncome': 'CoapplicantIncome', 'LoanAmount': 'LoanAmount', 'Loan_Amount_Term': 'Loan_Amount_Term', 'Credit_History': 'Credit_History', 'Total_Income': 'TotalIncome', 'Loan_to_Income_Ratio': 'Loan_to_Income_Ratio', 'Income_per_Dependent': 'Income_per_Dependent', 'Log_ApplicantIncome': 'Log_ApplicantIncome', 'Log_LoanAmount': 'Log_LoanAmount', 'Property_Semiurban': 'Property_Semiurban', 'Property_Urban': 'Property_Urban'}
2026-01-03 21:39:40,978 - INFO - [DIAG] Benchmark model=random_forest, pipeline=False, expected_count=17
2026-01-03 21:39:40,978 - INFO - [DIAG] columns sent: ['Gender', 'Married', 'Dependents', 'Education', 'Self_Employed', 'ApplicantIncome', 'CoapplicantIncome', 'LoanAmount', 'Loan_Amount_Term', 'Credit_History', 'Total_Income', 'Loan_to_Income_Ratio', 'Income_per_Dependent', 'Log_ApplicantIncome', 'Log_LoanAmount', 'Property_Semiurban', 'Property_Urban']
2026-01-03 21:39:40,978 - ERROR - Benchmark error: 'tuple' object has no attribute 'predict'
Traceback (most recent call last):
  File "C:\Dev\loan-predictor-api\app_v7.py", line 1142, in benchmark_models
    agreement = predictions.count(consensus) / len(predictions) * 100
                     ^^^^^^^^^^^^^^^^^^
AttributeError: 'tuple' object has no attribute 'predict'
2026-01-03 21:39:40,979 - INFO - 127.0.0.1 - - [03/Jan/2026 21:39:40] "[35m[1mPOST /models/benchmark HTTP/1.1[0m" 500 -
2026-01-03 21:40:05,814 - INFO - 127.0.0.1 - - [03/Jan/2026 21:40:05] "[32mGET / HTTP/1.1[0m" 302 -
2026-01-03 21:40:11,559 - INFO - Prediction request from 127.0.0.1
2026-01-03 21:40:11,561 - INFO - Validation warnings: ['Loan amount is more than 5x annual income. This may affect approval chances.', 'Applicant income is very low. This may affect approval chances.']
2026-01-03 21:40:11,663 - INFO - [DIAG] build_model_input sources: {'Gender': 'Gender_Encoded', 'Married': 'Married_Encoded', 'Dependents': 'Dependents', 'Education': 'Education_Encoded', 'Self_Employed': 'Self_Employed_Encoded', 'ApplicantIncome': 'ApplicantIncome', 'CoapplicantIncome': 'CoapplicantIncome', 'LoanAmount': 'LoanAmount', 'Loan_Amount_Term': 'Loan_Amount_Term', 'Credit_History': 'Credit_History', 'Total_Income': 'TotalIncome', 'Loan_to_Income_Ratio': 'Loan_to_Income_Ratio', 'Income_per_Dependent': 'Income_per_Dependent', 'Log_ApplicantIncome': 'Log_ApplicantIncome', 'Log_LoanAmount': 'Log_LoanAmount', 'Property_Semiurban': 'Property_Semiurban', 'Property_Urban': 'Property_Urban'}
2026-01-03 21:40:11,696 - INFO - [DIAG] build_model_input sources: {'Gender': 'Gender_Encoded', 'Married': 'Married_Encoded', 'Dependents': 'Dependents', 'Education': 'Education_Encoded', 'Self_Employed': 'Self_Employed_Encoded', 'ApplicantIncome': 'ApplicantIncome', 'CoapplicantIncome': 'CoapplicantIncome', 'LoanAmount': 'LoanAmount', 'Loan_Amount_Term': 'Loan_Amount_Term', 'Credit_History': 'Credit_History', 'Total_Income': 'TotalIncome', 'Loan_to_Income_Ratio': 'Loan_to_Income_Ratio', 'Income_per_Dependent': 'Income_per_Dependent', 'Log_ApplicantIncome': 'Log_ApplicantIncome', 'Log_LoanAmount': 'Log_LoanAmount', 'Property_Semiurban': 'Property_Semiurban', 'Property_Urban': 'Property_Urban'}
2026-01-03 21:40:11,699 - INFO - [DIAG] build_model_input sources: {'Gender': 'Gender_Encoded', 'Married': 'Married_Encoded', 'Dependents': 'Dependents', 'Education': 'Education_Encoded', 'Self_Employed': 'Self_Employed_Encoded', 'ApplicantIncome': 'ApplicantIncome', 'CoapplicantIncome': 'CoapplicantIncome', 'LoanAmount': 'LoanAmount', 'Loan_Amount_Term': 'Loan_Amount_Term', 'Credit_History': 'Credit_History', 'Total_Income': 'TotalIncome', 'Loan_to_Income_Ratio': 'Loan_to_Income_Ratio', 'Income_per_Dependent': 'Income_per_Dependent', 'Log_ApplicantIncome': 'Log_ApplicantIncome', 'Log_LoanAmount': 'Log_LoanAmount', 'Property_Semiurban': 'Property_Semiurban', 'Property_Urban': 'Property_Urban'}
2026-01-03 21:40:11,702 - INFO - [DIAG] build_model_input sources: {'Gender': 'Gender_Encoded', 'Married': 'Married_Encoded', 'Dependents': 'Dependents', 'Education': 'Education_Encoded', 'Self_Employed': 'Self_Employed_Encoded', 'ApplicantIncome': 'ApplicantIncome', 'CoapplicantIncome': 'CoapplicantIncome', 'LoanAmount': 'LoanAmount', 'Loan_Amount_Term': 'Loan_Amount_Term', 'Credit_History': 'Credit_History', 'Total_Income': 'TotalIncome', 'Loan_to_Income_Ratio': 'Loan_to_Income_Ratio', 'Income_per_Dependent': 'Income_per_Dependent', 'Log_ApplicantIncome': 'Log_ApplicantIncome', 'Log_LoanAmount': 'Log_LoanAmount', 'Property_Semiurban': 'Property_Semiurban', 'Property_Urban': 'Property_Urban'}
2026-01-03 21:40:11,720 - INFO - Prediction stored: ID=56, Result=Rejected
2026-01-03 21:40:11,721 - INFO - Prediction: Rejected, Confidence: 78.11%
2026-01-03 21:40:11,721 - INFO - 127.0.0.1 - - [03/Jan/2026 21:40:11] "POST /predict HTTP/1.1" 200 -
2026-01-03 21:40:14,087 - INFO - [DIAG] Using random_forest feature_names_in_: 17 features
2026-01-03 21:40:14,100 - INFO - [DIAG] build_model_input sources: {'Gender': 'Gender_Encoded', 'Married': 'Married_Encoded', 'Dependents': 'Dependents', 'Education': 'Education_Encoded', 'Self_Employed': 'Self_Employed_Encoded', 'ApplicantIncome': 'ApplicantIncome', 'CoapplicantIncome': 'CoapplicantIncome', 'LoanAmount': 'LoanAmount', 'Loan_Amount_Term': 'Loan_Amount_Term', 'Credit_History': 'Credit_History', 'Total_Income': 'TotalIncome', 'Loan_to_Income_Ratio': 'Loan_to_Income_Ratio', 'Income_per_Dependent': 'Income_per_Dependent', 'Log_ApplicantIncome': 'Log_ApplicantIncome', 'Log_LoanAmount': 'Log_LoanAmount', 'Property_Semiurban': 'Property_Semiurban', 'Property_Urban': 'Property_Urban'}
2026-01-03 21:40:14,100 - INFO - [DIAG] Benchmark model=random_forest, pipeline=False, expected_count=17
2026-01-03 21:40:14,101 - INFO - [DIAG] columns sent: ['Gender', 'Married', 'Dependents', 'Education', 'Self_Employed', 'ApplicantIncome', 'CoapplicantIncome', 'LoanAmount', 'Loan_Amount_Term', 'Credit_History', 'Total_Income', 'Loan_to_Income_Ratio', 'Income_per_Dependent', 'Log_ApplicantIncome', 'Log_LoanAmount', 'Property_Semiurban', 'Property_Urban']
2026-01-03 21:40:14,101 - ERROR - Benchmark error: 'tuple' object has no attribute 'predict'
Traceback (most recent call last):
  File "C:\Dev\loan-predictor-api\app_v7.py", line 1142, in benchmark_models
AttributeError: 'tuple' object has no attribute 'predict'
2026-01-03 21:40:14,103 - INFO - 127.0.0.1 - - [03/Jan/2026 21:40:14] "[35m[1mPOST /models/benchmark HTTP/1.1[0m" 500 -
2026-01-03 21:40:17,392 - INFO - 127.0.0.1 - - [03/Jan/2026 21:40:17] "GET /app HTTP/1.1" 200 -
2026-01-03 21:40:17,562 - INFO - 127.0.0.1 - - [03/Jan/2026 21:40:17] "GET /static/css/style.css HTTP/1.1" 200 -
2026-01-03 21:40:17,565 - INFO - 127.0.0.1 - - [03/Jan/2026 21:40:17] "GET /static/js/app.js HTTP/1.1" 200 -
2026-01-03 21:40:17,817 - INFO - 127.0.0.1 - - [03/Jan/2026 21:40:17] "GET /models HTTP/1.1" 200 -
2026-01-03 21:40:17,834 - INFO - 127.0.0.1 - - [03/Jan/2026 21:40:17] "GET /statistics HTTP/1.1" 200 -
2026-01-03 21:40:17,835 - INFO - 127.0.0.1 - - [03/Jan/2026 21:40:17] "GET /statistics HTTP/1.1" 200 -
2026-01-03 21:40:18,256 - INFO - 127.0.0.1 - - [03/Jan/2026 21:40:18] "[33mGET /favicon.ico HTTP/1.1[0m" 404 -
2026-01-03 21:40:38,240 - INFO - Prediction request from 127.0.0.1
2026-01-03 21:40:38,241 - INFO - Validation warnings: ['Loan amount is more than 5x annual income. This may affect approval chances.']
2026-01-03 21:40:38,337 - INFO - [DIAG] build_model_input sources: {'Gender': 'Gender_Encoded', 'Married': 'Married_Encoded', 'Dependents': 'Dependents', 'Education': 'Education_Encoded', 'Self_Employed': 'Self_Employed_Encoded', 'ApplicantIncome': 'ApplicantIncome', 'CoapplicantIncome': 'CoapplicantIncome', 'LoanAmount': 'LoanAmount', 'Loan_Amount_Term': 'Loan_Amount_Term', 'Credit_History': 'Credit_History', 'Total_Income': 'TotalIncome', 'Loan_to_Income_Ratio': 'Loan_to_Income_Ratio', 'Income_per_Dependent': 'Income_per_Dependent', 'Log_ApplicantIncome': 'Log_ApplicantIncome', 'Log_LoanAmount': 'Log_LoanAmount', 'Property_Semiurban': 'Property_Semiurban', 'Property_Urban': 'Property_Urban'}
2026-01-03 21:40:38,371 - INFO - [DIAG] build_model_input sources: {'Gender': 'Gender_Encoded', 'Married': 'Married_Encoded', 'Dependents': 'Dependents', 'Education': 'Education_Encoded', 'Self_Employed': 'Self_Employed_Encoded', 'ApplicantIncome': 'ApplicantIncome', 'CoapplicantIncome': 'CoapplicantIncome', 'LoanAmount': 'LoanAmount', 'Loan_Amount_Term': 'Loan_Amount_Term', 'Credit_History': 'Credit_History', 'Total_Income': 'TotalIncome', 'Loan_to_Income_Ratio': 'Loan_to_Income_Ratio', 'Income_per_Dependent': 'Income_per_Dependent', 'Log_ApplicantIncome': 'Log_ApplicantIncome', 'Log_LoanAmount': 'Log_LoanAmount', 'Property_Semiurban': 'Property_Semiurban', 'Property_Urban': 'Property_Urban'}
2026-01-03 21:40:38,374 - INFO - [DIAG] build_model_input sources: {'Gender': 'Gender_Encoded', 'Married': 'Married_Encoded', 'Dependents': 'Dependents', 'Education': 'Education_Encoded', 'Self_Employed': 'Self_Employed_Encoded', 'ApplicantIncome': 'ApplicantIncome', 'CoapplicantIncome': 'CoapplicantIncome', 'LoanAmount': 'LoanAmount', 'Loan_Amount_Term': 'Loan_Amount_Term', 'Credit_History': 'Credit_History', 'Total_Income': 'TotalIncome', 'Loan_to_Income_Ratio': 'Loan_to_Income_Ratio', 'Income_per_Dependent': 'Income_per_Dependent', 'Log_ApplicantIncome': 'Log_ApplicantIncome', 'Log_LoanAmount': 'Log_LoanAmount', 'Property_Semiurban': 'Property_Semiurban', 'Property_Urban': 'Property_Urban'}
2026-01-03 21:40:38,378 - INFO - [DIAG] build_model_input sources: {'Gender': 'Gender_Encoded', 'Married': 'Married_Encoded', 'Dependents': 'Dependents', 'Education': 'Education_Encoded', 'Self_Employed': 'Self_Employed_Encoded', 'ApplicantIncome': 'ApplicantIncome', 'CoapplicantIncome': 'CoapplicantIncome', 'LoanAmount': 'LoanAmount', 'Loan_Amount_Term': 'Loan_Amount_Term', 'Credit_History': 'Credit_History', 'Total_Income': 'TotalIncome', 'Loan_to_Income_Ratio': 'Loan_to_Income_Ratio', 'Income_per_Dependent': 'Income_per_Dependent', 'Log_ApplicantIncome': 'Log_ApplicantIncome', 'Log_LoanAmount': 'Log_LoanAmount', 'Property_Semiurban': 'Property_Semiurban', 'Property_Urban': 'Property_Urban'}
2026-01-03 21:40:38,397 - INFO - Prediction stored: ID=57, Result=Approved
2026-01-03 21:40:38,397 - INFO - Prediction: Approved, Confidence: 51.24%
2026-01-03 21:40:38,398 - INFO - 127.0.0.1 - - [03/Jan/2026 21:40:38] "POST /predict HTTP/1.1" 200 -
2026-01-03 21:40:40,606 - INFO - [DIAG] Using random_forest feature_names_in_: 17 features
2026-01-03 21:40:40,619 - INFO - [DIAG] build_model_input sources: {'Gender': 'Gender_Encoded', 'Married': 'Married_Encoded', 'Dependents': 'Dependents', 'Education': 'Education_Encoded', 'Self_Employed': 'Self_Employed_Encoded', 'ApplicantIncome': 'ApplicantIncome', 'CoapplicantIncome': 'CoapplicantIncome', 'LoanAmount': 'LoanAmount', 'Loan_Amount_Term': 'Loan_Amount_Term', 'Credit_History': 'Credit_History', 'Total_Income': 'TotalIncome', 'Loan_to_Income_Ratio': 'Loan_to_Income_Ratio', 'Income_per_Dependent': 'Income_per_Dependent', 'Log_ApplicantIncome': 'Log_ApplicantIncome', 'Log_LoanAmount': 'Log_LoanAmount', 'Property_Semiurban': 'Property_Semiurban', 'Property_Urban': 'Property_Urban'}
2026-01-03 21:40:40,619 - INFO - [DIAG] Benchmark model=random_forest, pipeline=False, expected_count=17
2026-01-03 21:40:40,620 - INFO - [DIAG] columns sent: ['Gender', 'Married', 'Dependents', 'Education', 'Self_Employed', 'ApplicantIncome', 'CoapplicantIncome', 'LoanAmount', 'Loan_Amount_Term', 'Credit_History', 'Total_Income', 'Loan_to_Income_Ratio', 'Income_per_Dependent', 'Log_ApplicantIncome', 'Log_LoanAmount', 'Property_Semiurban', 'Property_Urban']
2026-01-03 21:40:40,620 - ERROR - Benchmark error: 'tuple' object has no attribute 'predict'
Traceback (most recent call last):
  File "C:\Dev\loan-predictor-api\app_v7.py", line 1142, in benchmark_models
AttributeError: 'tuple' object has no attribute 'predict'
2026-01-03 21:40:40,621 - INFO - 127.0.0.1 - - [03/Jan/2026 21:40:40] "[35m[1mPOST /models/benchmark HTTP/1.1[0m" 500 -
